<?xml version="1.0" encoding="UTF-8"?>
<!-- Generated by org.testng.reporters.JUnitReportReporter -->
<testsuite hostname="kanchana" failures="0" tests="2" name="com.runners.RunnerToexploreCucumberOptions" time="0.078" errors="0" timestamp="2023-02-28T19:52:31 PST" skipped="0">
  <testcase classname="com.runners.RunnerToexploreCucumberOptions" name="runScenario" time="0.066"/>
  <system-out/>
  <testcase classname="com.runners.RunnerToexploreCucumberOptions" name="runScenario" time="0.012"/>
  <system-out/>
</testsuite> <!-- com.runners.RunnerToexploreCucumberOptions -->
