<?xml version="1.0" encoding="UTF-8"?>
<!-- Generated by org.testng.reporters.JUnitReportReporter -->
<testsuite hostname="kanchana" failures="0" tests="3" name="cucumberseleniumIntegration.RunnerForCalculator" time="0.071" errors="0" timestamp="2023-02-27T22:57:17 PST" skipped="0">
  <testcase classname="cucumberseleniumIntegration.RunnerForCalculator" name="runScenario" time="0.002"/>
  <system-out/>
  <testcase classname="cucumberseleniumIntegration.RunnerForCalculator" name="runScenario" time="0.064"/>
  <system-out/>
  <testcase classname="cucumberseleniumIntegration.RunnerForCalculator" name="runScenario" time="0.005"/>
  <system-out/>
</testsuite> <!-- cucumberseleniumIntegration.RunnerForCalculator -->
