<?xml version="1.0" encoding="UTF-8"?>
<!-- Generated by org.testng.reporters.JUnitReportReporter -->
<testsuite hostname="kanchana" failures="0" tests="1" name="com.runners.Salesforce_Cucumber_runner" time="12.271" errors="0" timestamp="2023-03-04T22:26:43 PST" skipped="0">
  <testcase classname="com.runners.Salesforce_Cucumber_runner" name="runScenario" time="12.271"/>
  <system-out/>
</testsuite> <!-- com.runners.Salesforce_Cucumber_runner -->
