<?xml version="1.0" encoding="UTF-8"?>
<!-- Generated by org.testng.reporters.JUnitReportReporter -->
<testsuite hostname="kanchana" failures="0" tests="1" name="com.runners.RunnerForFireBase" time="5.759" errors="0" timestamp="2023-03-03T15:05:37 PST" skipped="0">
  <testcase classname="com.runners.RunnerForFireBase" name="runScenario" time="5.759"/>
  <system-out/>
</testsuite> <!-- com.runners.RunnerForFireBase -->
